2017-06-22 11:35:20,700 [Worker-7] INFO  o.e.m.c.i.l.LifecycleMappingFactory - Using org.eclipse.m2e.jdt.JarLifecycleMapping lifecycle mapping for MavenProject: java-dev:java-dev:0.0.1-SNAPSHOT @ C:\Users\RKUMAR\Desktop\self-help\dev-projects\projects\java-dev\pom.xml.
2017-06-22 11:35:23,699 [Worker-0] WARN  o.e.m.c.i.embedder.EclipseLogger - Using platform encoding (Cp1252 actually) to copy filtered resources, i.e. build is platform dependent!
2017-06-22 11:35:23,704 [Worker-0] INFO  o.e.m.c.i.embedder.EclipseLogger - skip non existing resourceDirectory C:\Users\RKUMAR\Desktop\self-help\dev-projects\projects\java-dev\src\main\resources
2017-06-22 11:35:23,707 [Worker-0] WARN  o.e.m.c.i.embedder.EclipseLogger - Using platform encoding (Cp1252 actually) to copy filtered resources, i.e. build is platform dependent!
2017-06-22 11:35:23,709 [Worker-0] INFO  o.e.m.c.i.embedder.EclipseLogger - skip non existing resourceDirectory C:\Users\RKUMAR\Desktop\self-help\dev-projects\projects\java-dev\src\test\resources
2017-06-22 11:35:23,779 [Worker-7] INFO  o.e.m.j.i.AbstractJavaProjectConfigurator - Adding source folder /java-dev/src
2017-06-22 11:35:23,802 [Worker-7] INFO  o.e.m.j.i.AbstractJavaProjectConfigurator - Adding source folder /java-dev/test
2017-06-22 11:35:24,018 [Worker-7] INFO  o.e.m.c.i.p.ProjectConfigurationManager - Update started
2017-06-22 11:35:25,569 [Worker-7] INFO  o.e.m.c.i.l.LifecycleMappingFactory - Using org.eclipse.m2e.jdt.JarLifecycleMapping lifecycle mapping for MavenProject: java-dev:java-dev:0.0.1-SNAPSHOT @ C:\Users\RKUMAR\Desktop\self-help\dev-projects\projects\java-dev\pom.xml.
2017-06-22 11:35:25,994 [Worker-7] INFO  o.e.m.j.i.AbstractJavaProjectConfigurator - Adding source folder /java-dev/src
2017-06-22 11:35:25,997 [Worker-7] INFO  o.e.m.j.i.AbstractJavaProjectConfigurator - Adding source folder /java-dev/test
2017-06-22 11:35:26,139 [Worker-7] INFO  o.e.m.c.i.p.ProjectConfigurationManager - Update completed: 2 sec
2017-06-22 11:35:26,321 [Worker-14] WARN  o.e.m.c.i.embedder.EclipseLogger - Using platform encoding (Cp1252 actually) to copy filtered resources, i.e. build is platform dependent!
2017-06-22 11:35:26,323 [Worker-14] INFO  o.e.m.c.i.embedder.EclipseLogger - skip non existing resourceDirectory C:\Users\RKUMAR\Desktop\self-help\dev-projects\projects\java-dev\src\main\resources
2017-06-22 11:35:26,325 [Worker-14] WARN  o.e.m.c.i.embedder.EclipseLogger - Using platform encoding (Cp1252 actually) to copy filtered resources, i.e. build is platform dependent!
2017-06-22 11:35:26,327 [Worker-14] INFO  o.e.m.c.i.embedder.EclipseLogger - skip non existing resourceDirectory C:\Users\RKUMAR\Desktop\self-help\dev-projects\projects\java-dev\src\test\resources
2017-06-22 11:36:14,468 [Worker-14] INFO  o.e.m.c.i.l.LifecycleMappingFactory - Using org.eclipse.m2e.jdt.JarLifecycleMapping lifecycle mapping for MavenProject: java-dev:java-dev:0.0.1-SNAPSHOT @ C:\Users\RKUMAR\Desktop\self-help\dev-projects\projects\java-dev\pom.xml.
2017-06-22 11:36:14,978 [Worker-14] WARN  o.e.m.c.i.embedder.EclipseLogger - Using platform encoding (Cp1252 actually) to copy filtered resources, i.e. build is platform dependent!
2017-06-22 11:36:14,981 [Worker-14] INFO  o.e.m.c.i.embedder.EclipseLogger - skip non existing resourceDirectory C:\Users\RKUMAR\Desktop\self-help\dev-projects\projects\java-dev\src\main\resources
2017-06-22 11:36:14,984 [Worker-14] WARN  o.e.m.c.i.embedder.EclipseLogger - Using platform encoding (Cp1252 actually) to copy filtered resources, i.e. build is platform dependent!
2017-06-22 11:36:14,986 [Worker-14] INFO  o.e.m.c.i.embedder.EclipseLogger - skip non existing resourceDirectory C:\Users\RKUMAR\Desktop\self-help\dev-projects\projects\java-dev\src\test\resources
2017-06-22 11:36:16,615 [Worker-7] WARN  o.e.m.c.i.embedder.EclipseLogger - Using platform encoding (Cp1252 actually) to copy filtered resources, i.e. build is platform dependent!
2017-06-22 11:36:16,617 [Worker-7] INFO  o.e.m.c.i.embedder.EclipseLogger - skip non existing resourceDirectory C:\Users\RKUMAR\Desktop\self-help\dev-projects\projects\java-dev\src\main\resources
2017-06-22 11:36:16,620 [Worker-7] WARN  o.e.m.c.i.embedder.EclipseLogger - Using platform encoding (Cp1252 actually) to copy filtered resources, i.e. build is platform dependent!
2017-06-22 11:36:16,622 [Worker-7] INFO  o.e.m.c.i.embedder.EclipseLogger - skip non existing resourceDirectory C:\Users\RKUMAR\Desktop\self-help\dev-projects\projects\java-dev\src\test\resources
2017-06-22 11:36:33,685 [Worker-16] INFO  o.e.m.i.launch.MavenLaunchDelegate - C:\Users\RKUMAR\Desktop\self-help\dev-projects\projects\java-dev
2017-06-22 11:36:33,689 [Worker-16] INFO  o.e.m.i.launch.MavenLaunchDelegate -  mvn -B clean
2017-06-22 11:36:40,666 [Worker-18] WARN  o.e.m.c.i.embedder.EclipseLogger - Using platform encoding (Cp1252 actually) to copy filtered resources, i.e. build is platform dependent!
2017-06-22 11:36:40,670 [Worker-18] INFO  o.e.m.c.i.embedder.EclipseLogger - skip non existing resourceDirectory C:\Users\RKUMAR\Desktop\self-help\dev-projects\projects\java-dev\src\main\resources
2017-06-22 11:36:40,674 [Worker-18] WARN  o.e.m.c.i.embedder.EclipseLogger - Using platform encoding (Cp1252 actually) to copy filtered resources, i.e. build is platform dependent!
2017-06-22 11:36:40,678 [Worker-18] INFO  o.e.m.c.i.embedder.EclipseLogger - skip non existing resourceDirectory C:\Users\RKUMAR\Desktop\self-help\dev-projects\projects\java-dev\src\test\resources
2017-06-22 11:37:00,134 [Worker-16] WARN  o.e.m.c.i.embedder.EclipseLogger - Using platform encoding (Cp1252 actually) to copy filtered resources, i.e. build is platform dependent!
2017-06-22 11:37:00,139 [Worker-16] INFO  o.e.m.c.i.embedder.EclipseLogger - skip non existing resourceDirectory C:\Users\RKUMAR\Desktop\self-help\dev-projects\projects\java-dev\src\main\resources
2017-06-22 11:37:00,145 [Worker-16] WARN  o.e.m.c.i.embedder.EclipseLogger - Using platform encoding (Cp1252 actually) to copy filtered resources, i.e. build is platform dependent!
2017-06-22 11:37:00,150 [Worker-16] INFO  o.e.m.c.i.embedder.EclipseLogger - skip non existing resourceDirectory C:\Users\RKUMAR\Desktop\self-help\dev-projects\projects\java-dev\src\test\resources
2017-06-22 11:37:15,735 [Worker-14] WARN  o.e.m.c.i.embedder.EclipseLogger - Using platform encoding (Cp1252 actually) to copy filtered resources, i.e. build is platform dependent!
2017-06-22 11:37:15,738 [Worker-14] INFO  o.e.m.c.i.embedder.EclipseLogger - skip non existing resourceDirectory C:\Users\RKUMAR\Desktop\self-help\dev-projects\projects\java-dev\src\main\resources
2017-06-22 11:37:15,741 [Worker-14] WARN  o.e.m.c.i.embedder.EclipseLogger - Using platform encoding (Cp1252 actually) to copy filtered resources, i.e. build is platform dependent!
2017-06-22 11:37:15,744 [Worker-14] INFO  o.e.m.c.i.embedder.EclipseLogger - skip non existing resourceDirectory C:\Users\RKUMAR\Desktop\self-help\dev-projects\projects\java-dev\src\test\resources
2017-06-22 11:37:38,805 [Worker-17] WARN  o.e.m.c.i.embedder.EclipseLogger - Using platform encoding (Cp1252 actually) to copy filtered resources, i.e. build is platform dependent!
2017-06-22 11:37:38,810 [Worker-17] INFO  o.e.m.c.i.embedder.EclipseLogger - skip non existing resourceDirectory C:\Users\RKUMAR\Desktop\self-help\dev-projects\projects\java-dev\src\main\resources
2017-06-22 11:37:38,815 [Worker-17] WARN  o.e.m.c.i.embedder.EclipseLogger - Using platform encoding (Cp1252 actually) to copy filtered resources, i.e. build is platform dependent!
2017-06-22 11:37:38,823 [Worker-17] INFO  o.e.m.c.i.embedder.EclipseLogger - skip non existing resourceDirectory C:\Users\RKUMAR\Desktop\self-help\dev-projects\projects\java-dev\src\test\resources
2017-06-22 11:38:00,620 [Worker-19] WARN  o.e.m.c.i.embedder.EclipseLogger - Using platform encoding (Cp1252 actually) to copy filtered resources, i.e. build is platform dependent!
2017-06-22 11:38:00,634 [Worker-19] INFO  o.e.m.c.i.embedder.EclipseLogger - skip non existing resourceDirectory C:\Users\RKUMAR\Desktop\self-help\dev-projects\projects\java-dev\src\main\resources
2017-06-22 11:38:00,655 [Worker-19] WARN  o.e.m.c.i.embedder.EclipseLogger - Using platform encoding (Cp1252 actually) to copy filtered resources, i.e. build is platform dependent!
2017-06-22 11:38:00,659 [Worker-19] INFO  o.e.m.c.i.embedder.EclipseLogger - skip non existing resourceDirectory C:\Users\RKUMAR\Desktop\self-help\dev-projects\projects\java-dev\src\test\resources
2017-06-22 11:38:04,617 [Worker-16] WARN  o.e.m.c.i.embedder.EclipseLogger - Using platform encoding (Cp1252 actually) to copy filtered resources, i.e. build is platform dependent!
2017-06-22 11:38:04,621 [Worker-16] INFO  o.e.m.c.i.embedder.EclipseLogger - skip non existing resourceDirectory C:\Users\RKUMAR\Desktop\self-help\dev-projects\projects\java-dev\src\main\resources
2017-06-22 11:38:04,628 [Worker-16] WARN  o.e.m.c.i.embedder.EclipseLogger - Using platform encoding (Cp1252 actually) to copy filtered resources, i.e. build is platform dependent!
2017-06-22 11:38:04,633 [Worker-16] INFO  o.e.m.c.i.embedder.EclipseLogger - skip non existing resourceDirectory C:\Users\RKUMAR\Desktop\self-help\dev-projects\projects\java-dev\src\test\resources
2017-06-22 11:39:20,260 [Worker-10] INFO  o.e.m.i.launch.MavenLaunchDelegate - C:\Users\RKUMAR\Desktop\self-help\dev-projects\projects\java-dev
2017-06-22 11:39:20,261 [Worker-10] INFO  o.e.m.i.launch.MavenLaunchDelegate -  mvn -B clean
2017-06-22 11:39:25,065 [Worker-0] WARN  o.e.m.c.i.embedder.EclipseLogger - Using platform encoding (Cp1252 actually) to copy filtered resources, i.e. build is platform dependent!
2017-06-22 11:39:25,067 [Worker-0] INFO  o.e.m.c.i.embedder.EclipseLogger - skip non existing resourceDirectory C:\Users\RKUMAR\Desktop\self-help\dev-projects\projects\java-dev\src\main\resources
2017-06-22 11:39:25,068 [Worker-0] WARN  o.e.m.c.i.embedder.EclipseLogger - Using platform encoding (Cp1252 actually) to copy filtered resources, i.e. build is platform dependent!
2017-06-22 11:39:25,070 [Worker-0] INFO  o.e.m.c.i.embedder.EclipseLogger - skip non existing resourceDirectory C:\Users\RKUMAR\Desktop\self-help\dev-projects\projects\java-dev\src\test\resources
2017-06-22 11:40:39,188 [Worker-18] WARN  o.e.m.c.i.embedder.EclipseLogger - Using platform encoding (Cp1252 actually) to copy filtered resources, i.e. build is platform dependent!
2017-06-22 11:40:39,193 [Worker-18] INFO  o.e.m.c.i.embedder.EclipseLogger - skip non existing resourceDirectory C:\Users\RKUMAR\Desktop\self-help\dev-projects\projects\java-dev\src\main\resources
2017-06-22 11:40:39,196 [Worker-18] WARN  o.e.m.c.i.embedder.EclipseLogger - Using platform encoding (Cp1252 actually) to copy filtered resources, i.e. build is platform dependent!
2017-06-22 11:40:39,200 [Worker-18] INFO  o.e.m.c.i.embedder.EclipseLogger - skip non existing resourceDirectory C:\Users\RKUMAR\Desktop\self-help\dev-projects\projects\java-dev\src\test\resources
2017-06-22 11:40:40,474 [Worker-19] WARN  o.e.m.c.i.embedder.EclipseLogger - Using platform encoding (Cp1252 actually) to copy filtered resources, i.e. build is platform dependent!
2017-06-22 11:40:40,477 [Worker-19] INFO  o.e.m.c.i.embedder.EclipseLogger - skip non existing resourceDirectory C:\Users\RKUMAR\Desktop\self-help\dev-projects\projects\java-dev\src\main\resources
2017-06-22 11:40:40,480 [Worker-19] WARN  o.e.m.c.i.embedder.EclipseLogger - Using platform encoding (Cp1252 actually) to copy filtered resources, i.e. build is platform dependent!
2017-06-22 11:40:40,483 [Worker-19] INFO  o.e.m.c.i.embedder.EclipseLogger - skip non existing resourceDirectory C:\Users\RKUMAR\Desktop\self-help\dev-projects\projects\java-dev\src\test\resources
2017-06-22 11:41:54,051 [Worker-17] WARN  o.e.m.c.i.embedder.EclipseLogger - Using platform encoding (Cp1252 actually) to copy filtered resources, i.e. build is platform dependent!
2017-06-22 11:41:54,054 [Worker-17] INFO  o.e.m.c.i.embedder.EclipseLogger - skip non existing resourceDirectory C:\Users\RKUMAR\Desktop\self-help\dev-projects\projects\java-dev\src\main\resources
2017-06-22 11:41:54,058 [Worker-17] WARN  o.e.m.c.i.embedder.EclipseLogger - Using platform encoding (Cp1252 actually) to copy filtered resources, i.e. build is platform dependent!
2017-06-22 11:41:54,061 [Worker-17] INFO  o.e.m.c.i.embedder.EclipseLogger - skip non existing resourceDirectory C:\Users\RKUMAR\Desktop\self-help\dev-projects\projects\java-dev\src\test\resources
2017-06-22 11:42:17,670 [Worker-16] WARN  o.e.m.c.i.embedder.EclipseLogger - Using platform encoding (Cp1252 actually) to copy filtered resources, i.e. build is platform dependent!
2017-06-22 11:42:17,675 [Worker-16] INFO  o.e.m.c.i.embedder.EclipseLogger - skip non existing resourceDirectory C:\Users\RKUMAR\Desktop\self-help\dev-projects\projects\java-dev\src\main\resources
2017-06-22 11:42:17,679 [Worker-16] WARN  o.e.m.c.i.embedder.EclipseLogger - Using platform encoding (Cp1252 actually) to copy filtered resources, i.e. build is platform dependent!
2017-06-22 11:42:17,683 [Worker-16] INFO  o.e.m.c.i.embedder.EclipseLogger - skip non existing resourceDirectory C:\Users\RKUMAR\Desktop\self-help\dev-projects\projects\java-dev\src\test\resources
2017-06-22 11:42:34,282 [Worker-19] WARN  o.e.m.c.i.embedder.EclipseLogger - Using platform encoding (Cp1252 actually) to copy filtered resources, i.e. build is platform dependent!
2017-06-22 11:42:34,285 [Worker-19] INFO  o.e.m.c.i.embedder.EclipseLogger - skip non existing resourceDirectory C:\Users\RKUMAR\Desktop\self-help\dev-projects\projects\java-dev\src\main\resources
2017-06-22 11:42:34,297 [Worker-19] WARN  o.e.m.c.i.embedder.EclipseLogger - Using platform encoding (Cp1252 actually) to copy filtered resources, i.e. build is platform dependent!
2017-06-22 11:42:34,301 [Worker-19] INFO  o.e.m.c.i.embedder.EclipseLogger - skip non existing resourceDirectory C:\Users\RKUMAR\Desktop\self-help\dev-projects\projects\java-dev\src\test\resources
2017-06-22 11:43:01,975 [Worker-0] WARN  o.e.m.c.i.embedder.EclipseLogger - Using platform encoding (Cp1252 actually) to copy filtered resources, i.e. build is platform dependent!
2017-06-22 11:43:01,979 [Worker-0] INFO  o.e.m.c.i.embedder.EclipseLogger - skip non existing resourceDirectory C:\Users\RKUMAR\Desktop\self-help\dev-projects\projects\java-dev\src\main\resources
2017-06-22 11:43:01,984 [Worker-0] WARN  o.e.m.c.i.embedder.EclipseLogger - Using platform encoding (Cp1252 actually) to copy filtered resources, i.e. build is platform dependent!
2017-06-22 11:43:01,991 [Worker-0] INFO  o.e.m.c.i.embedder.EclipseLogger - skip non existing resourceDirectory C:\Users\RKUMAR\Desktop\self-help\dev-projects\projects\java-dev\src\test\resources
2017-06-22 11:47:46,144 [Worker-7] WARN  o.e.m.c.i.embedder.EclipseLogger - Using platform encoding (Cp1252 actually) to copy filtered resources, i.e. build is platform dependent!
2017-06-22 11:47:46,147 [Worker-7] INFO  o.e.m.c.i.embedder.EclipseLogger - skip non existing resourceDirectory C:\Users\RKUMAR\Desktop\self-help\dev-projects\projects\java-dev\src\main\resources
2017-06-22 11:47:46,153 [Worker-7] WARN  o.e.m.c.i.embedder.EclipseLogger - Using platform encoding (Cp1252 actually) to copy filtered resources, i.e. build is platform dependent!
2017-06-22 11:47:46,157 [Worker-7] INFO  o.e.m.c.i.embedder.EclipseLogger - skip non existing resourceDirectory C:\Users\RKUMAR\Desktop\self-help\dev-projects\projects\java-dev\src\test\resources
2017-07-01 13:13:48,830 [Worker-12] INFO  o.e.m.c.i.l.LifecycleMappingFactory - Using org.eclipse.m2e.jdt.JarLifecycleMapping lifecycle mapping for MavenProject: kafka_demo:kafka_demo:0.0.1-SNAPSHOT @ C:\Users\RKUMAR\Desktop\self-help\dev-projects\projects\kafka_demo\pom.xml.
2017-07-01 13:13:52,763 [Worker-12] INFO  o.e.m.j.i.AbstractJavaProjectConfigurator - Adding source folder /kafka_demo/src
2017-07-01 13:13:52,764 [Worker-12] INFO  o.e.m.j.i.AbstractJavaProjectConfigurator - Not adding source folder /kafka_demo/src/test/java because it overlaps with /kafka_demo/src
2017-07-01 13:13:53,091 [Worker-12] INFO  o.e.m.c.i.p.ProjectConfigurationManager - Update started
2017-07-01 13:13:55,614 [Worker-12] INFO  o.e.m.c.i.l.LifecycleMappingFactory - Using org.eclipse.m2e.jdt.JarLifecycleMapping lifecycle mapping for MavenProject: kafka_demo:kafka_demo:0.0.1-SNAPSHOT @ C:\Users\RKUMAR\Desktop\self-help\dev-projects\projects\kafka_demo\pom.xml.
2017-07-01 13:13:56,771 [Worker-5] WARN  o.e.m.c.i.embedder.EclipseLogger - Using platform encoding (Cp1252 actually) to copy filtered resources, i.e. build is platform dependent!
2017-07-01 13:13:56,802 [Worker-5] INFO  o.e.m.c.i.embedder.EclipseLogger - skip non existing resourceDirectory C:\Users\RKUMAR\Desktop\self-help\dev-projects\projects\kafka_demo\src\main\resources
2017-07-01 13:13:56,805 [Worker-5] WARN  o.e.m.c.i.embedder.EclipseLogger - Using platform encoding (Cp1252 actually) to copy filtered resources, i.e. build is platform dependent!
2017-07-01 13:13:56,807 [Worker-5] INFO  o.e.m.c.i.embedder.EclipseLogger - skip non existing resourceDirectory C:\Users\RKUMAR\Desktop\self-help\dev-projects\projects\kafka_demo\src\test\resources
2017-07-01 13:13:56,841 [Worker-12] INFO  o.e.m.j.i.AbstractJavaProjectConfigurator - Adding source folder /kafka_demo/src
2017-07-01 13:13:56,842 [Worker-12] INFO  o.e.m.j.i.AbstractJavaProjectConfigurator - Not adding source folder /kafka_demo/src/test/java because it overlaps with /kafka_demo/src
2017-07-01 13:13:56,949 [Worker-12] INFO  o.e.m.c.i.p.ProjectConfigurationManager - Update completed: 3 sec
2017-07-01 13:13:57,885 [Worker-5] WARN  o.e.m.c.i.embedder.EclipseLogger - Using platform encoding (Cp1252 actually) to copy filtered resources, i.e. build is platform dependent!
2017-07-01 13:13:57,887 [Worker-5] INFO  o.e.m.c.i.embedder.EclipseLogger - skip non existing resourceDirectory C:\Users\RKUMAR\Desktop\self-help\dev-projects\projects\kafka_demo\src\main\resources
2017-07-01 13:13:57,889 [Worker-5] WARN  o.e.m.c.i.embedder.EclipseLogger - Using platform encoding (Cp1252 actually) to copy filtered resources, i.e. build is platform dependent!
2017-07-01 13:13:57,890 [Worker-5] INFO  o.e.m.c.i.embedder.EclipseLogger - skip non existing resourceDirectory C:\Users\RKUMAR\Desktop\self-help\dev-projects\projects\kafka_demo\src\test\resources
2017-07-01 13:14:24,198 [Worker-12] WARN  o.e.m.c.i.embedder.EclipseLogger - Using platform encoding (Cp1252 actually) to copy filtered resources, i.e. build is platform dependent!
2017-07-01 13:14:24,202 [Worker-12] INFO  o.e.m.c.i.embedder.EclipseLogger - skip non existing resourceDirectory C:\Users\RKUMAR\Desktop\self-help\dev-projects\projects\kafka_demo\src\main\resources
2017-07-01 13:14:24,216 [Worker-12] WARN  o.e.m.c.i.embedder.EclipseLogger - Using platform encoding (Cp1252 actually) to copy filtered resources, i.e. build is platform dependent!
2017-07-01 13:14:24,219 [Worker-12] INFO  o.e.m.c.i.embedder.EclipseLogger - skip non existing resourceDirectory C:\Users\RKUMAR\Desktop\self-help\dev-projects\projects\kafka_demo\src\test\resources
2017-07-01 13:14:42,821 [Worker-21] WARN  o.e.m.c.i.embedder.EclipseLogger - Using platform encoding (Cp1252 actually) to copy filtered resources, i.e. build is platform dependent!
2017-07-01 13:14:42,838 [Worker-21] INFO  o.e.m.c.i.embedder.EclipseLogger - skip non existing resourceDirectory C:\Users\RKUMAR\Desktop\self-help\dev-projects\projects\kafka_demo\src\main\resources
2017-07-01 13:14:42,860 [Worker-21] WARN  o.e.m.c.i.embedder.EclipseLogger - Using platform encoding (Cp1252 actually) to copy filtered resources, i.e. build is platform dependent!
2017-07-01 13:14:42,865 [Worker-21] INFO  o.e.m.c.i.embedder.EclipseLogger - skip non existing resourceDirectory C:\Users\RKUMAR\Desktop\self-help\dev-projects\projects\kafka_demo\src\test\resources
2017-07-01 13:14:58,761 [Worker-20] WARN  o.e.m.c.i.embedder.EclipseLogger - Using platform encoding (Cp1252 actually) to copy filtered resources, i.e. build is platform dependent!
2017-07-01 13:14:58,765 [Worker-20] INFO  o.e.m.c.i.embedder.EclipseLogger - skip non existing resourceDirectory C:\Users\RKUMAR\Desktop\self-help\dev-projects\projects\kafka_demo\src\main\resources
2017-07-01 13:14:58,768 [Worker-20] WARN  o.e.m.c.i.embedder.EclipseLogger - Using platform encoding (Cp1252 actually) to copy filtered resources, i.e. build is platform dependent!
2017-07-01 13:14:58,781 [Worker-20] INFO  o.e.m.c.i.embedder.EclipseLogger - skip non existing resourceDirectory C:\Users\RKUMAR\Desktop\self-help\dev-projects\projects\kafka_demo\src\test\resources
2017-07-01 13:15:21,673 [Worker-21] WARN  o.e.m.c.i.embedder.EclipseLogger - Using platform encoding (Cp1252 actually) to copy filtered resources, i.e. build is platform dependent!
2017-07-01 13:15:21,677 [Worker-21] INFO  o.e.m.c.i.embedder.EclipseLogger - skip non existing resourceDirectory C:\Users\RKUMAR\Desktop\self-help\dev-projects\projects\kafka_demo\src\main\resources
2017-07-01 13:15:21,682 [Worker-21] WARN  o.e.m.c.i.embedder.EclipseLogger - Using platform encoding (Cp1252 actually) to copy filtered resources, i.e. build is platform dependent!
2017-07-01 13:15:21,686 [Worker-21] INFO  o.e.m.c.i.embedder.EclipseLogger - skip non existing resourceDirectory C:\Users\RKUMAR\Desktop\self-help\dev-projects\projects\kafka_demo\src\test\resources
2017-07-01 13:15:59,126 [Worker-12] WARN  o.e.m.c.i.embedder.EclipseLogger - Using platform encoding (Cp1252 actually) to copy filtered resources, i.e. build is platform dependent!
2017-07-01 13:15:59,130 [Worker-12] INFO  o.e.m.c.i.embedder.EclipseLogger - skip non existing resourceDirectory C:\Users\RKUMAR\Desktop\self-help\dev-projects\projects\kafka_demo\src\main\resources
2017-07-01 13:15:59,134 [Worker-12] WARN  o.e.m.c.i.embedder.EclipseLogger - Using platform encoding (Cp1252 actually) to copy filtered resources, i.e. build is platform dependent!
2017-07-01 13:15:59,138 [Worker-12] INFO  o.e.m.c.i.embedder.EclipseLogger - skip non existing resourceDirectory C:\Users\RKUMAR\Desktop\self-help\dev-projects\projects\kafka_demo\src\test\resources
2017-07-01 13:28:06,051 [Worker-19] INFO  o.e.m.i.launch.MavenLaunchDelegate - C:\Users\RKUMAR\Desktop\self-help\dev-projects\projects\kafka_demo
2017-07-01 13:28:06,054 [Worker-19] INFO  o.e.m.i.launch.MavenLaunchDelegate -  mvn -B clean
